<?xml version="1.0" encoding="UTF-8"?>
<testng-results ignored="0" total="1" passed="1" failed="0" skipped="0">
  <reporter-output>
  </reporter-output>
  <suite started-at="2023-10-10T21:20:30 IST" name="Suite" finished-at="2023-10-10T21:20:36 IST" duration-ms="6791">
    <groups>
    </groups>
    <test started-at="2023-10-10T21:20:30 IST" name="Test" finished-at="2023-10-10T21:20:36 IST" duration-ms="6791">
      <class name="testcase.logintest">
        <test-method is-config="true" signature="beforeMethod()[pri:0, instance:testcase.logintest@71d44a3]" started-at="2023-10-10T21:20:30 IST" name="beforeMethod" finished-at="2023-10-10T21:20:30 IST" duration-ms="7" status="PASS">
          <reporter-output>
          </reporter-output>
        </test-method> <!-- beforeMethod -->
        <test-method signature="f()[pri:0, instance:testcase.logintest@71d44a3]" started-at="2023-10-10T21:20:30 IST" name="f" finished-at="2023-10-10T21:20:36 IST" duration-ms="6496" status="PASS">
          <reporter-output>
          </reporter-output>
        </test-method> <!-- f -->
        <test-method is-config="true" signature="afterMethod()[pri:0, instance:testcase.logintest@71d44a3]" started-at="2023-10-10T21:20:36 IST" name="afterMethod" finished-at="2023-10-10T21:20:36 IST" duration-ms="239" status="PASS">
          <reporter-output>
          </reporter-output>
        </test-method> <!-- afterMethod -->
      </class> <!-- testcase.logintest -->
    </test> <!-- Test -->
  </suite> <!-- Suite -->
</testng-results>
